android/build/outputs/logs/manifest-merger-debug-report.txt
-- Merging decision tree log ---
manifest
ADDED from libGDX-NavigationDrawer-master\android\AndroidManifest.xml:2:1-24:12
INJECTED from libGDX-NavigationDrawer-master\android\AndroidManifest.xml:2:1-24:12
INJECTED from libGDX-NavigationDrawer-master\android\AndroidManifest.xml:2:1-24:12
INJECTED from libGDX-NavigationDrawer-master\android\AndroidManifest.xml:2:1-24:12
INJECTED from libGDX-NavigationDrawer-master\android\AndroidManifest.xml:2:1-24:12
INJECTED from libGDX-NavigationDrawer-master\android\AndroidManifest.xml:2:1-24:12
INJECTED from libGDX-NavigationDrawer-master\android\AndroidManifest.xml:2:1-24:12
	package
		ADDED from libGDX-NavigationDrawer-master\android\AndroidManifest.xml:3:5-46
		INJECTED from libGDX-NavigationDrawer-master\android\AndroidManifest.xml
		INJECTED from libGDX-NavigationDrawer-master\android\AndroidManifest.xml
	android:versionName
		INJECTED from libGDX-NavigationDrawer-master\android\AndroidManifest.xml
		ADDED from libGDX-NavigationDrawer-master\android\AndroidManifest.xml:2:1-24:12
		INJECTED from libGDX-NavigationDrawer-master\android\AndroidManifest.xml
	android:versionCode
		INJECTED from libGDX-NavigationDrawer-master\android\AndroidManifest.xml
		ADDED from libGDX-NavigationDrawer-master\android\AndroidManifest.xml:2:1-24:12
		INJECTED from libGDX-NavigationDrawer-master\android\AndroidManifest.xml
	xmlns:android
		ADDED from libGDX-NavigationDrawer-master\android\AndroidManifest.xml:2:11-69
uses-sdk
ADDED from libGDX-NavigationDrawer-master\android\AndroidManifest.xml:5:5-16
INJECTED from libGDX-NavigationDrawer-master\android\AndroidManifest.xml:5:5-16
INJECTED from libGDX-NavigationDrawer-master\android\AndroidManifest.xml:5:5-16
INJECTED from libGDX-NavigationDrawer-master\android\AndroidManifest.xml:5:5-16
INJECTED from libGDX-NavigationDrawer-master\android\AndroidManifest.xml:5:5-16
	android:targetSdkVersion
		INJECTED from libGDX-NavigationDrawer-master\android\AndroidManifest.xml
		ADDED from libGDX-NavigationDrawer-master\android\AndroidManifest.xml:5:5-16
		INJECTED from libGDX-NavigationDrawer-master\android\AndroidManifest.xml
	android:minSdkVersion
		INJECTED from libGDX-NavigationDrawer-master\android\AndroidManifest.xml
		ADDED from libGDX-NavigationDrawer-master\android\AndroidManifest.xml:5:5-16
		INJECTED from libGDX-NavigationDrawer-master\android\AndroidManifest.xml
application
ADDED from libGDX-NavigationDrawer-master\android\AndroidManifest.xml:7:5-22:19
	android:label
		ADDED from libGDX-NavigationDrawer-master\android\AndroidManifest.xml:10:9-41
	android:icon
		ADDED from libGDX-NavigationDrawer-master\android\AndroidManifest.xml:9:9-45
	android:allowBackup
		ADDED from libGDX-NavigationDrawer-master\android\AndroidManifest.xml:8:9-35
	android:theme
		ADDED from libGDX-NavigationDrawer-master\android\AndroidManifest.xml:11:9-40
activity#com.crowni.gdx.navigationdrawer.AndroidLauncher
ADDED from libGDX-NavigationDrawer-master\android\AndroidManifest.xml:12:9-21:20
	android:screenOrientation
		ADDED from libGDX-NavigationDrawer-master\android\AndroidManifest.xml:15:13-50
	android:label
		ADDED from libGDX-NavigationDrawer-master\android\AndroidManifest.xml:14:13-45
	android:configChanges
		ADDED from libGDX-NavigationDrawer-master\android\AndroidManifest.xml:16:13-83
	android:name
		ADDED from libGDX-NavigationDrawer-master\android\AndroidManifest.xml:13:13-75
intent-filter#action:name:android.intent.action.MAIN+category:name:android.intent.category.LAUNCHER
ADDED from libGDX-NavigationDrawer-master\android\AndroidManifest.xml:17:13-20:29
action#android.intent.action.MAIN
ADDED from libGDX-NavigationDrawer-master\android\AndroidManifest.xml:18:17-69
	android:name
		ADDED from libGDX-NavigationDrawer-master\android\AndroidManifest.xml:18:25-66
category#android.intent.category.LAUNCHER
ADDED from libGDX-NavigationDrawer-master\android\AndroidManifest.xml:19:17-77
	android:name
		ADDED from libGDX-NavigationDrawer-master\android\AndroidManifest.xml:19:27-74